[26Nov2024 00:01:21.033] [Server thread/WARN] [net.minecraft.server.level.ServerPlayerGameMode/]: Mismatch in destroy block pos: BlockPos{x=-85, y=66, z=21} BlockPos{x=-85, y=65, z=19}
[26Nov2024 00:01:21.075] [Server thread/WARN] [net.minecraft.server.level.ServerPlayerGameMode/]: Mismatch in destroy block pos: BlockPos{x=-85, y=66, z=21} BlockPos{x=-85, y=65, z=19}
[26Nov2024 00:01:21.126] [Server thread/WARN] [net.minecraft.server.level.ServerPlayerGameMode/]: Mismatch in destroy block pos: BlockPos{x=-85, y=66, z=21} BlockPos{x=-85, y=65, z=19}
[26Nov2024 00:01:21.171] [Server thread/WARN] [net.minecraft.server.level.ServerPlayerGameMode/]: Mismatch in destroy block pos: BlockPos{x=-85, y=66, z=21} BlockPos{x=-85, y=65, z=19}
[26Nov2024 00:01:21.222] [Server thread/WARN] [net.minecraft.server.level.ServerPlayerGameMode/]: Mismatch in destroy block pos: BlockPos{x=-85, y=66, z=21} BlockPos{x=-85, y=65, z=19}
[26Nov2024 00:01:21.282] [Server thread/WARN] [net.minecraft.server.level.ServerPlayerGameMode/]: Mismatch in destroy block pos: BlockPos{x=-85, y=66, z=21} BlockPos{x=-85, y=65, z=19}
[26Nov2024 00:01:21.353] [Server thread/WARN] [net.minecraft.server.level.ServerPlayerGameMode/]: Mismatch in destroy block pos: BlockPos{x=-85, y=66, z=21} BlockPos{x=-85, y=65, z=19}
[26Nov2024 00:01:21.369] [Server thread/WARN] [net.minecraft.server.level.ServerPlayerGameMode/]: Mismatch in destroy block pos: BlockPos{x=-85, y=66, z=21} BlockPos{x=-85, y=65, z=19}
[26Nov2024 00:01:21.433] [Server thread/WARN] [net.minecraft.server.level.ServerPlayerGameMode/]: Mismatch in destroy block pos: BlockPos{x=-85, y=66, z=21} BlockPos{x=-85, y=65, z=19}
[26Nov2024 00:01:21.477] [Server thread/WARN] [net.minecraft.server.level.ServerPlayerGameMode/]: Mismatch in destroy block pos: BlockPos{x=-85, y=66, z=21} BlockPos{x=-85, y=65, z=19}
[26Nov2024 00:01:21.519] [Server thread/WARN] [net.minecraft.server.level.ServerPlayerGameMode/]: Mismatch in destroy block pos: BlockPos{x=-85, y=66, z=21} BlockPos{x=-85, y=65, z=19}
[26Nov2024 00:08:19.667] [Server thread/WARN] [net.minecraft.server.level.ServerPlayerGameMode/]: Mismatch in destroy block pos: BlockPos{x=-143, y=66, z=63} BlockPos{x=-146, y=66, z=58}
[26Nov2024 00:08:29.025] [Server thread/WARN] [net.minecraft.server.level.ServerPlayerGameMode/]: Mismatch in destroy block pos: BlockPos{x=-149, y=67, z=54} BlockPos{x=-145, y=66, z=65}
[26Nov2024 00:08:29.059] [Server thread/WARN] [net.minecraft.server.level.ServerPlayerGameMode/]: Mismatch in destroy block pos: BlockPos{x=-149, y=67, z=54} BlockPos{x=-145, y=66, z=65}
[26Nov2024 00:08:29.129] [Server thread/WARN] [net.minecraft.server.level.ServerPlayerGameMode/]: Mismatch in destroy block pos: BlockPos{x=-149, y=67, z=54} BlockPos{x=-145, y=66, z=65}
[26Nov2024 00:08:29.169] [Server thread/WARN] [net.minecraft.server.level.ServerPlayerGameMode/]: Mismatch in destroy block pos: BlockPos{x=-149, y=67, z=54} BlockPos{x=-145, y=66, z=65}
[26Nov2024 00:08:49.966] [Server thread/WARN] [net.minecraft.server.level.ServerPlayerGameMode/]: Mismatch in destroy block pos: BlockPos{x=-148, y=68, z=86} BlockPos{x=-147, y=67, z=86}
[26Nov2024 00:08:50.019] [Server thread/WARN] [net.minecraft.server.level.ServerPlayerGameMode/]: Mismatch in destroy block pos: BlockPos{x=-148, y=68, z=86} BlockPos{x=-147, y=67, z=86}
[26Nov2024 00:09:06.491] [Server thread/WARN] [net.minecraft.server.level.ServerPlayerGameMode/]: Mismatch in destroy block pos: BlockPos{x=-151, y=68, z=91} BlockPos{x=-150, y=67, z=91}
[26Nov2024 00:09:06.520] [Server thread/WARN] [net.minecraft.server.level.ServerPlayerGameMode/]: Mismatch in destroy block pos: BlockPos{x=-151, y=68, z=91} BlockPos{x=-150, y=67, z=91}
[26Nov2024 00:09:31.241] [Server thread/WARN] [net.minecraft.server.level.ServerPlayerGameMode/]: Mismatch in destroy block pos: BlockPos{x=-152, y=67, z=93} BlockPos{x=-152, y=68, z=92}
[26Nov2024 00:10:05.665] [Server thread/WARN] [net.minecraft.server.level.ServerPlayerGameMode/]: Mismatch in destroy block pos: BlockPos{x=-172, y=69, z=109} BlockPos{x=-173, y=69, z=110}
[26Nov2024 00:12:19.866] [Server thread/WARN] [net.minecraft.server.level.ServerPlayerGameMode/]: Mismatch in destroy block pos: BlockPos{x=-163, y=68, z=103} BlockPos{x=-164, y=66, z=101}
[26Nov2024 00:12:19.908] [Server thread/WARN] [net.minecraft.server.level.ServerPlayerGameMode/]: Mismatch in destroy block pos: BlockPos{x=-163, y=68, z=103} BlockPos{x=-164, y=66, z=101}
[26Nov2024 00:14:17.112] [Server thread/WARN] [net.minecraft.server.level.ServerPlayerGameMode/]: Mismatch in destroy block pos: BlockPos{x=-172, y=66, z=112} BlockPos{x=-172, y=65, z=111}
[26Nov2024 00:14:17.158] [Server thread/WARN] [net.minecraft.server.level.ServerPlayerGameMode/]: Mismatch in destroy block pos: BlockPos{x=-172, y=66, z=112} BlockPos{x=-172, y=65, z=111}
[26Nov2024 00:14:17.212] [Server thread/WARN] [net.minecraft.server.level.ServerPlayerGameMode/]: Mismatch in destroy block pos: BlockPos{x=-172, y=66, z=112} BlockPos{x=-172, y=65, z=111}
[26Nov2024 00:14:26.867] [Server thread/WARN] [net.minecraft.server.level.ServerPlayerGameMode/]: Mismatch in destroy block pos: BlockPos{x=-179, y=66, z=111} BlockPos{x=-183, y=70, z=112}
[26Nov2024 00:14:55.493] [Server thread/INFO] [com.teampotato.redirector.Redirector/]: Redirecting forge/net/mca/server/world/data/Building$validationResult
[26Nov2024 00:15:39.057] [Server thread/WARN] [net.minecraft.server.level.ServerPlayerGameMode/]: Mismatch in destroy block pos: BlockPos{x=-197, y=66, z=112} BlockPos{x=-196, y=66, z=112}
[26Nov2024 00:17:39.515] [Server thread/WARN] [net.minecraft.server.level.ServerPlayerGameMode/]: Mismatch in destroy block pos: BlockPos{x=-137, y=64, z=36} BlockPos{x=-137, y=63, z=36}
[26Nov2024 00:37:50.542] [Server thread/INFO] [Scaling Health/]: Blight Squid has died
[26Nov2024 00:54:19.613] [Server thread/WARN] [net.minecraft.server.level.ServerPlayerGameMode/]: Mismatch in destroy block pos: BlockPos{x=-189, y=76, z=-51} BlockPos{x=-188, y=75, z=-51}
[26Nov2024 00:54:19.665] [Server thread/WARN] [net.minecraft.server.level.ServerPlayerGameMode/]: Mismatch in destroy block pos: BlockPos{x=-189, y=76, z=-51} BlockPos{x=-188, y=75, z=-51}
[26Nov2024 00:54:28.879] [Server thread/WARN] [net.minecraft.server.level.ServerPlayerGameMode/]: Mismatch in destroy block pos: BlockPos{x=-203, y=74, z=-51} BlockPos{x=-203, y=74, z=-52}
[26Nov2024 01:03:51.974] [Server thread/WARN] [net.minecraft.server.level.ServerPlayerGameMode/]: Mismatch in destroy block pos: BlockPos{x=-231, y=77, z=-66} BlockPos{x=-232, y=75, z=-67}
[26Nov2024 01:03:52.026] [Server thread/WARN] [net.minecraft.server.level.ServerPlayerGameMode/]: Mismatch in destroy block pos: BlockPos{x=-230, y=77, z=-66} BlockPos{x=-232, y=75, z=-67}
[26Nov2024 01:03:52.072] [Server thread/WARN] [net.minecraft.server.level.ServerPlayerGameMode/]: Mismatch in destroy block pos: BlockPos{x=-230, y=77, z=-66} BlockPos{x=-232, y=75, z=-67}
[26Nov2024 01:03:53.080] [Server thread/WARN] [net.minecraft.server.level.ServerPlayerGameMode/]: Mismatch in destroy block pos: BlockPos{x=-229, y=77, z=-66} BlockPos{x=-232, y=76, z=-65}
[26Nov2024 01:03:53.119] [Server thread/WARN] [net.minecraft.server.level.ServerPlayerGameMode/]: Mismatch in destroy block pos: BlockPos{x=-229, y=77, z=-66} BlockPos{x=-232, y=76, z=-65}
[26Nov2024 01:03:54.647] [Server thread/WARN] [net.minecraft.server.level.ServerPlayerGameMode/]: Mismatch in destroy block pos: BlockPos{x=-229, y=77, z=-66} BlockPos{x=-228, y=76, z=-67}
[26Nov2024 01:12:59.391] [Server thread/INFO] [net.minecraft.server.network.ServerGamePacketListenerImpl/]: l1 lost connection: Disconnected
[26Nov2024 01:12:59.391] [Server thread/INFO] [net.minecraft.server.MinecraftServer/]: l1 left the game
[26Nov2024 01:13:08.988] [Server thread/INFO] [net.minecraft.server.MinecraftServer/]: Stopping the server
[26Nov2024 01:13:09.036] [Server thread/INFO] [com.teampotato.redirector.Redirector/]: Redirecting ovh/corail/tombstone/helper/SupportStructures
[26Nov2024 01:13:09.039] [Server thread/INFO] [net.minecraft.server.MinecraftServer/]: Stopping server
[26Nov2024 01:13:09.039] [Server thread/INFO] [net.minecraft.server.MinecraftServer/]: Saving players
[26Nov2024 01:13:09.040] [Server thread/INFO] [net.minecraft.server.MinecraftServer/]: Saving worlds
[26Nov2024 01:13:09.772] [Server thread/INFO] [net.minecraft.server.MinecraftServer/]: Saving chunks for level 'ServerLevel[world]'/minecraft:overworld
[26Nov2024 01:13:12.723] [Server thread/INFO] [net.minecraft.server.MinecraftServer/]: Saving chunks for level 'ServerLevel[world]'/blue_skies:everbright
[26Nov2024 01:13:12.724] [Server thread/INFO] [net.minecraft.server.MinecraftServer/]: Saving chunks for level 'ServerLevel[world]'/l2library:maze
[26Nov2024 01:13:12.724] [Server thread/INFO] [net.minecraft.server.MinecraftServer/]: Saving chunks for level 'ServerLevel[world]'/minecraft:the_end
[26Nov2024 01:13:12.725] [Server thread/INFO] [net.minecraft.server.MinecraftServer/]: Saving chunks for level 'ServerLevel[world]'/minecraft:the_nether
[26Nov2024 01:13:12.736] [Server thread/INFO] [net.minecraft.server.MinecraftServer/]: Saving chunks for level 'ServerLevel[world]'/twilightforest:twilight_forest
[26Nov2024 01:13:12.737] [Server thread/INFO] [net.minecraft.server.MinecraftServer/]: Saving chunks for level 'ServerLevel[world]'/blue_skies:everdawn
[26Nov2024 01:13:12.816] [Server thread/INFO] [net.minecraft.server.MinecraftServer/]: ThreadedAnvilChunkStorage (world): All chunks are saved
[26Nov2024 01:13:12.816] [Server thread/INFO] [net.minecraft.server.MinecraftServer/]: ThreadedAnvilChunkStorage (everbright): All chunks are saved
[26Nov2024 01:13:12.816] [Server thread/INFO] [net.minecraft.server.MinecraftServer/]: ThreadedAnvilChunkStorage (maze): All chunks are saved
[26Nov2024 01:13:12.816] [Server thread/INFO] [net.minecraft.server.MinecraftServer/]: ThreadedAnvilChunkStorage (DIM1): All chunks are saved
[26Nov2024 01:13:12.816] [Server thread/INFO] [net.minecraft.server.MinecraftServer/]: ThreadedAnvilChunkStorage (DIM-1): All chunks are saved
[26Nov2024 01:13:12.816] [Server thread/INFO] [net.minecraft.server.MinecraftServer/]: ThreadedAnvilChunkStorage (twilight_forest): All chunks are saved
[26Nov2024 01:13:12.816] [Server thread/INFO] [net.minecraft.server.MinecraftServer/]: ThreadedAnvilChunkStorage (everdawn): All chunks are saved
[26Nov2024 01:13:12.816] [Server thread/INFO] [net.minecraft.server.MinecraftServer/]: ThreadedAnvilChunkStorage: All dimensions are saved
